<?xml version="1.0" encoding="UTF-8"?>
<!-- Generated by org.testng.reporters.JUnitXMLReporter -->
<testsuite ignored="1" hostname="Kamaljit" failures="0" tests="1" name="actitime_testng_fw" time="18.155" errors="0" timestamp="2023-10-25T17:37:28 EDT">
  <testcase classname="testscript_runner.actiTimeTestRunner" name="loggingIn" time="18.033"/>
  <testcase classname="testscript_runner.actiTimeTestRunner" name="secondway_loggingIn" time="0.0">
    <ignored/>
  </testcase> <!-- secondway_loggingIn -->
</testsuite> <!-- actitime_testng_fw -->
