<?xml version="1.0" encoding="UTF-8"?>
<testng-results ignored="0" total="1" passed="1" failed="0" skipped="0">
  <reporter-output>
  </reporter-output>
  <suite started-at="2023-10-25T17:37:10 EDT" name="Default Suite" finished-at="2023-10-25T17:37:28 EDT" duration-ms="18155">
    <groups>
    </groups>
    <test started-at="2023-10-25T17:37:10 EDT" name="actitime_testng_fw" finished-at="2023-10-25T17:37:28 EDT" duration-ms="18155">
      <class name="testscript_runner.actiTimeTestRunner">
        <test-method signature="loggingIn()[pri:0, instance:testscript_runner.actiTimeTestRunner@152aa092]" started-at="2023-10-25T17:37:10 EDT" name="loggingIn" finished-at="2023-10-25T17:37:28 EDT" duration-ms="18033" status="PASS">
          <reporter-output>
          </reporter-output>
        </test-method> <!-- loggingIn -->
      </class> <!-- testscript_runner.actiTimeTestRunner -->
    </test> <!-- actitime_testng_fw -->
  </suite> <!-- Default Suite -->
</testng-results>
